<?xml version="1.0" encoding="UTF-8"?>
<!-- Generated by org.testng.reporters.JUnitReportReporter -->
<testsuite hostname="DESKTOP-C200903" failures="0" tests="5" name="cse.UserValidationTest" time="0.060" errors="0" timestamp="2023-11-03T17:25:42 IST" skipped="0">
  <testcase classname="cse.UserValidationTest" name="testCase4" time="0.001"/>
  <testcase classname="cse.UserValidationTest" name="testCase1" time="0.054"/>
  <testcase classname="cse.UserValidationTest" name="testCase3" time="0.001"/>
  <testcase classname="cse.UserValidationTest" name="testCase5" time="0.002"/>
  <testcase classname="cse.UserValidationTest" name="testCase2" time="0.002"/>
</testsuite> <!-- cse.UserValidationTest -->
